autoscan: warning: missing AC_CHECK_FUNCS([getcwd]) wanted by: 
	bootstrap/main.cpp:74
autoscan: warning: missing AC_CHECK_HEADERS([unistd.h]) wanted by: 
	bootstrap/main.cpp:9
autoscan: warning: missing AC_C_INLINE wanted by: 
	TameParse/Compiler/compilation_stage.h:42
	TameParse/Compiler/compilation_stage.h:46
	TameParse/Compiler/compilation_stage.h:49
	TameParse/Compiler/console.h:34
	TameParse/Compiler/error.h:72
	TameParse/Compiler/error.h:75
	TameParse/Compiler/error.h:78
	TameParse/Compiler/error.h:81
	TameParse/Compiler/error.h:84
	TameParse/Compiler/import_stage.h:61
	TameParse/Compiler/import_stage.h:68
	TameParse/Compiler/import_stage.h:84
	TameParse/Compiler/import_stage.h:87
	TameParse/Compiler/language_builder_stage.h:52
	TameParse/Compiler/language_stage.h:118
	TameParse/Compiler/language_stage.h:121
	TameParse/Compiler/language_stage.h:124
	TameParse/Compiler/language_stage.h:127
	TameParse/Compiler/language_stage.h:130
	TameParse/Compiler/language_stage.h:133
	TameParse/Compiler/language_stage.h:136
	TameParse/Compiler/language_stage.h:139
	TameParse/Compiler/language_stage.h:146
	TameParse/Compiler/language_stage.h:170
	TameParse/Compiler/language_stage.h:179
	TameParse/Compiler/lexer_stage.h:55
	TameParse/Compiler/lexer_stage.h:58
	TameParse/Compiler/lexer_stage.h:61
	TameParse/Compiler/lexer_stage.h:64
	TameParse/Compiler/lr_parser_stage.h:74
	TameParse/Compiler/lr_parser_stage.h:77
	TameParse/Compiler/parser_stage.h:32
	TameParse/ContextFree/ebnf_items.h:52
	TameParse/ContextFree/ebnf_items.h:86
	TameParse/ContextFree/ebnf_items.h:89
	TameParse/ContextFree/ebnf_items.h:92
	TameParse/ContextFree/ebnf_items.h:100
	TameParse/ContextFree/ebnf_items.h:103
	TameParse/ContextFree/ebnf_items.h:104
	TameParse/ContextFree/ebnf_items.h:130
	TameParse/ContextFree/ebnf_items.h:133
	TameParse/ContextFree/ebnf_items.h:134
	TameParse/ContextFree/ebnf_items.h:160
	TameParse/ContextFree/ebnf_items.h:163
	TameParse/ContextFree/ebnf_items.h:164
	TameParse/ContextFree/ebnf_items.h:190
	TameParse/ContextFree/ebnf_items.h:193
	TameParse/ContextFree/ebnf_items.h:194
	TameParse/ContextFree/grammar.h:108
	TameParse/ContextFree/grammar.h:120
	TameParse/ContextFree/grammar.h:126
	TameParse/ContextFree/grammar.h:143
	TameParse/ContextFree/grammar.h:208
	TameParse/ContextFree/guard.cpp:92
	TameParse/ContextFree/item.h:84
	TameParse/ContextFree/item.h:95
	TameParse/ContextFree/item.h:96
	TameParse/ContextFree/item.h:97
	TameParse/ContextFree/item.h:98
	TameParse/ContextFree/item.h:179
	TameParse/ContextFree/item.h:229
	TameParse/ContextFree/item_set.h:88
	TameParse/ContextFree/item_set.h:91
	TameParse/ContextFree/item_set.h:101
	TameParse/ContextFree/item_set.h:115
	TameParse/ContextFree/item_set.h:118
	TameParse/ContextFree/item_set.h:134
	TameParse/ContextFree/item_set.h:137
	TameParse/ContextFree/item_set.h:140
	TameParse/ContextFree/item_set.h:171
	TameParse/ContextFree/item_set.h:181
	TameParse/ContextFree/item_set.h:184
	TameParse/ContextFree/item_set.h:189
	TameParse/ContextFree/item_set.h:199
	TameParse/ContextFree/rule.h:87
	TameParse/ContextFree/rule.h:90
	TameParse/ContextFree/rule.h:93
	TameParse/ContextFree/rule.h:96
	TameParse/ContextFree/rule.h:111
	TameParse/ContextFree/rule.h:114
	TameParse/ContextFree/rule.h:119
	TameParse/ContextFree/rule.h:135
	TameParse/ContextFree/terminal_dictionary.h:83
	TameParse/ContextFree/terminal_dictionary.h:87
	TameParse/ContextFree/terminal_dictionary.h:94
	TameParse/ContextFree/terminal_dictionary.h:102
	TameParse/ContextFree/terminal_dictionary.h:119
	TameParse/Dfa/accept_action.h:40
	TameParse/Dfa/accept_action.h:45
	TameParse/Dfa/accept_action.h:46
	TameParse/Dfa/accept_action.h:47
	TameParse/Dfa/accept_action.h:49
	TameParse/Dfa/accept_action.h:50
	TameParse/Dfa/accept_action.h:56
	TameParse/Dfa/accept_action.h:59
	TameParse/Dfa/basic_lexer.h:98
	TameParse/Dfa/basic_lexer.h:103
	TameParse/Dfa/basic_lexer.h:135
	TameParse/Dfa/basic_lexer.h:345
	TameParse/Dfa/epsilon.h:24
	TameParse/Dfa/epsilon.h:25
	TameParse/Dfa/hard_coded_symbol_table.h:19
	TameParse/Dfa/hard_coded_symbol_table.h:45
	TameParse/Dfa/hard_coded_symbol_table.h:100
	TameParse/Dfa/lexeme.h:73
	TameParse/Dfa/lexeme.h:83
	TameParse/Dfa/lexeme.h:86
	TameParse/Dfa/lexeme.h:89
	TameParse/Dfa/lexeme.h:99
	TameParse/Dfa/lexer.h:31
	TameParse/Dfa/lexer.h:72
	TameParse/Dfa/lexer.h:75
	TameParse/Dfa/ndfa.cpp:183
	TameParse/Dfa/ndfa.h:127
	TameParse/Dfa/ndfa.h:130
	TameParse/Dfa/ndfa.h:133
	TameParse/Dfa/ndfa.h:136
	TameParse/Dfa/ndfa.h:149
	TameParse/Dfa/ndfa.h:212
	TameParse/Dfa/ndfa.h:222
	TameParse/Dfa/ndfa.h:234
	TameParse/Dfa/ndfa.h:235
	TameParse/Dfa/ndfa.h:236
	TameParse/Dfa/ndfa.h:239
	TameParse/Dfa/ndfa.h:245
	TameParse/Dfa/ndfa.h:250
	TameParse/Dfa/ndfa.h:253
	TameParse/Dfa/ndfa.h:258
	TameParse/Dfa/ndfa.h:267
	TameParse/Dfa/ndfa.h:272
	TameParse/Dfa/ndfa.h:278
	TameParse/Dfa/ndfa.h:291
	TameParse/Dfa/ndfa.h:294
	TameParse/Dfa/ndfa.h:297
	TameParse/Dfa/ndfa.h:333
	TameParse/Dfa/ndfa.h:336
	TameParse/Dfa/ndfa.h:340
	TameParse/Dfa/ndfa.h:341
	TameParse/Dfa/ndfa.h:342
	TameParse/Dfa/ndfa.h:358
	TameParse/Dfa/ndfa.h:382
	TameParse/Dfa/ndfa_regex.cpp:460
	TameParse/Dfa/ndfa_regex.h:70
	TameParse/Dfa/ndfa_regex.h:77
	TameParse/Dfa/ndfa_regex.h:82
	TameParse/Dfa/ndfa_regex.h:87
	TameParse/Dfa/ndfa_regex.h:92
	TameParse/Dfa/ndfa_regex.h:100
	TameParse/Dfa/ndfa_regex.h:107
	TameParse/Dfa/ndfa_regex.h:112
	TameParse/Dfa/ndfa_regex.h:117
	TameParse/Dfa/ndfa_regex.h:122
	TameParse/Dfa/ndfa_regex.h:134
	TameParse/Dfa/ndfa_regex.h:154
	TameParse/Dfa/ndfa_regex.h:162
	TameParse/Dfa/ndfa_regex.h:172
	TameParse/Dfa/ndfa_regex.h:182
	TameParse/Dfa/ndfa_transformations.cpp:26
	TameParse/Dfa/position.h:28
	TameParse/Dfa/position.h:34
	TameParse/Dfa/position.h:40
	TameParse/Dfa/position.h:47
	TameParse/Dfa/position.h:50
	TameParse/Dfa/position.h:53
	TameParse/Dfa/position.h:56
	TameParse/Dfa/position.h:62
	TameParse/Dfa/position.h:67
	TameParse/Dfa/position.h:73
	TameParse/Dfa/position.h:81
	TameParse/Dfa/position.h:84
	TameParse/Dfa/position.h:97
	TameParse/Dfa/position.h:100
	TameParse/Dfa/position.h:103
	TameParse/Dfa/position.h:119
	TameParse/Dfa/position.h:127
	TameParse/Dfa/position.h:133
	TameParse/Dfa/position.h:139
	TameParse/Dfa/position.h:142
	TameParse/Dfa/position.h:180
	TameParse/Dfa/range.h:31
	TameParse/Dfa/range.h:38
	TameParse/Dfa/range.h:44
	TameParse/Dfa/range.h:49
	TameParse/Dfa/range.h:54
	TameParse/Dfa/range.h:63
	TameParse/Dfa/range.h:66
	TameParse/Dfa/range.h:70
	TameParse/Dfa/range.h:77
	TameParse/Dfa/range.h:82
	TameParse/Dfa/range.h:85
	TameParse/Dfa/range.h:94
	TameParse/Dfa/range.h:99
	TameParse/Dfa/range.h:102
	TameParse/Dfa/range.h:105
	TameParse/Dfa/range.h:112
	TameParse/Dfa/range.h:119
	TameParse/Dfa/range.h:126
	TameParse/Dfa/remapped_symbol_map.h:50
	TameParse/Dfa/state.h:54
	TameParse/Dfa/state.h:57
	TameParse/Dfa/state.h:60
	TameParse/Dfa/state.h:63
	TameParse/Dfa/state_machine.h:38
	TameParse/Dfa/state_machine.h:59
	TameParse/Dfa/state_machine.h:64
	TameParse/Dfa/state_machine.h:69
	TameParse/Dfa/state_machine.h:100
	TameParse/Dfa/state_machine.h:106
	TameParse/Dfa/state_machine.h:112
	TameParse/Dfa/state_machine.h:137
	TameParse/Dfa/state_machine.h:144
	TameParse/Dfa/state_machine.h:160
	TameParse/Dfa/state_machine.h:231
	TameParse/Dfa/state_machine.h:246
	TameParse/Dfa/state_machine.h:256
	TameParse/Dfa/state_machine.h:268
	TameParse/Dfa/state_machine.h:306
	TameParse/Dfa/state_machine.h:315
	TameParse/Dfa/state_machine.h:343
	TameParse/Dfa/state_machine.h:355
	TameParse/Dfa/symbol_map.h:55
	TameParse/Dfa/symbol_map.h:61
	TameParse/Dfa/symbol_set.h:93
	TameParse/Dfa/symbol_set.h:99
	TameParse/Dfa/symbol_set.h:116
	TameParse/Dfa/symbol_set.h:119
	TameParse/Dfa/symbol_set.h:122
	TameParse/Dfa/symbol_set.h:125
	TameParse/Dfa/symbol_set.h:128
	TameParse/Dfa/symbol_set.h:131
	TameParse/Dfa/symbol_set.h:134
	TameParse/Dfa/symbol_set.h:138
	TameParse/Dfa/symbol_set.h:141
	TameParse/Dfa/symbol_set.h:151
	TameParse/Dfa/symbol_set.h:168
	TameParse/Dfa/symbol_set.h:171
	TameParse/Dfa/symbol_set.h:174
	TameParse/Dfa/symbol_table.h:74
	TameParse/Dfa/symbol_table.h:120
	TameParse/Dfa/symbol_table.h:129
	TameParse/Dfa/symbol_table.h:142
	TameParse/Dfa/symbol_table.h:279
	TameParse/Dfa/symbol_table.h:285
	TameParse/Dfa/symbol_table.h:295
	TameParse/Dfa/symbol_table.h:370
	TameParse/Dfa/symbol_table.h:375
	TameParse/Dfa/symbol_translator.h:49
	TameParse/Dfa/symbol_translator.h:54
	TameParse/Dfa/symbol_translator.h:59
	TameParse/Dfa/transition.h:33
	TameParse/Dfa/transition.h:36
	TameParse/Dfa/transition.h:49
	TameParse/Dfa/transition.h:52
	TameParse/Dfa/transition.h:55
	TameParse/Language/block.h:41
	TameParse/Language/block.h:44
	TameParse/Language/definition_file.h:51
	TameParse/Language/definition_file.h:54
	TameParse/Language/definition_file.h:58
	TameParse/Language/definition_file.h:61
	TameParse/Language/ebnf_item.h:103
	TameParse/Language/ebnf_item.h:111
	TameParse/Language/ebnf_item.h:117
	TameParse/Language/ebnf_item.h:120
	TameParse/Language/ebnf_item.h:123
	TameParse/Language/ebnf_item.h:126
	TameParse/Language/ebnf_item.h:129
	TameParse/Language/grammar_block.h:50
	TameParse/Language/grammar_block.h:53
	TameParse/Language/language_parser.h:49
	TameParse/Language/language_parser.h:67
	TameParse/Language/language_parser.h:70
	TameParse/Language/language_unit.h:74
	TameParse/Language/language_unit.h:78
	TameParse/Language/language_unit.h:83
	TameParse/Language/language_unit.h:91
	TameParse/Language/language_unit.h:99
	TameParse/Language/language_unit.h:107
	TameParse/Language/language_unit.h:115
	TameParse/Language/language_unit.h:123
	TameParse/Language/language_unit.h:131
	TameParse/Language/lexeme_definition.h:57
	TameParse/Language/lexeme_definition.h:60
	TameParse/Language/lexeme_definition.h:63
	TameParse/Language/lexeme_definition.h:71
	TameParse/Language/lexer_block.h:56
	TameParse/Language/lexer_block.h:59
	TameParse/Language/nonterminal_definition.h:71
	TameParse/Language/nonterminal_definition.h:85
	TameParse/Language/nonterminal_definition.h:88
	TameParse/Language/parser_block.h:39
	TameParse/Language/parser_block.h:42
	TameParse/Language/parser_block.h:45
	TameParse/Language/production_definition.h:52
	TameParse/Language/production_definition.h:55
	TameParse/Language/toplevel_block.h:52
	TameParse/Language/toplevel_block.h:55
	TameParse/Language/toplevel_block.h:58
	TameParse/Lr/action_rewriter.h:47
	TameParse/Lr/ast_parser.h:56
	TameParse/Lr/ast_parser.h:63
	TameParse/Lr/ast_parser.h:72
	TameParse/Lr/conflict.h:115
	TameParse/Lr/conflict.h:118
	TameParse/Lr/conflict.h:121
	TameParse/Lr/conflict.h:126
	TameParse/Lr/conflict.h:129
	TameParse/Lr/conflict.h:132
	TameParse/Lr/ignored_symbols.h:67
	TameParse/Lr/lalr_builder.h:126
	TameParse/Lr/lalr_machine.h:107
	TameParse/Lr/lalr_machine.h:115
	TameParse/Lr/lalr_machine.h:123
	TameParse/Lr/lalr_machine.h:126
	TameParse/Lr/lalr_machine.h:129
	TameParse/Lr/lalr_machine.h:132
	TameParse/Lr/lalr_state.h:62
	TameParse/Lr/lalr_state.h:63
	TameParse/Lr/lalr_state.h:64
	TameParse/Lr/lalr_state.h:65
	TameParse/Lr/lalr_state.h:69
	TameParse/Lr/lalr_state.h:72
	TameParse/Lr/lalr_state.h:75
	TameParse/Lr/lalr_state.h:97
	TameParse/Lr/lalr_state.h:104
	TameParse/Lr/lalr_state.h:111
	TameParse/Lr/lalr_state.h:114
	TameParse/Lr/lalr_state.h:123
	TameParse/Lr/lalr_state.h:126
	TameParse/Lr/lr1_item_set.h:35
	TameParse/Lr/lr1_item_set.h:102
	TameParse/Lr/lr1_item_set.h:105
	TameParse/Lr/lr1_item_set.h:108
	TameParse/Lr/lr1_item_set.h:111
	TameParse/Lr/lr1_item_set.h:114
	TameParse/Lr/lr1_item_set.h:117
	TameParse/Lr/lr1_item_set.h:120
	TameParse/Lr/lr_action.h:120
	TameParse/Lr/lr_action.h:133
	TameParse/Lr/lr_action.h:138
	TameParse/Lr/lr_action.h:141
	TameParse/Lr/lr_action.h:144
	TameParse/Lr/lr_action.h:147
	TameParse/Lr/lr_action.h:150
	TameParse/Lr/lr_action.h:153
	TameParse/Lr/lr_action.h:158
	TameParse/Lr/lr_item.h:81
	TameParse/Lr/lr_item.h:84
	TameParse/Lr/lr_item.h:87
	TameParse/Lr/lr_item.h:90
	TameParse/Lr/lr_item.h:94
	TameParse/Lr/lr_item.h:96
	TameParse/Lr/lr_item.h:97
	TameParse/Lr/lr_item.h:98
	TameParse/Lr/lr_item.h:99
	TameParse/Lr/lr_item.h:102
	TameParse/Lr/lr_item.h:167
	TameParse/Lr/lr_item.h:173
	TameParse/Lr/lr_item.h:176
	TameParse/Lr/lr_item.h:179
	TameParse/Lr/lr_item.h:182
	TameParse/Lr/lr_item.h:185
	TameParse/Lr/lr_item.h:189
	TameParse/Lr/lr_item.h:192
	TameParse/Lr/lr_item.h:195
	TameParse/Lr/lr_item.h:198
	TameParse/Lr/lr_item.h:201
	TameParse/Lr/lr_item.h:204
	TameParse/Lr/lr_item.h:207
	TameParse/Lr/lr_item.h:209
	TameParse/Lr/lr_item.h:210
	TameParse/Lr/lr_item.h:211
	TameParse/Lr/lr_item.h:212
	TameParse/Lr/lr_item.h:215
	TameParse/Lr/lr_state.h:22
	TameParse/Lr/lr_state.h:127
	TameParse/Lr/lr_state.h:128
	TameParse/Lr/lr_state.h:129
	TameParse/Lr/lr_state.h:130
	TameParse/Lr/lr_state.h:137
	TameParse/Lr/lr_state.h:140
	TameParse/Lr/lr_state.h:187
	TameParse/Lr/lr_state.h:190
	TameParse/Lr/lr_state.h:193
	TameParse/Lr/lr_state.h:196
	TameParse/Lr/lr_state.h:199
	TameParse/Lr/lr_state.h:206
	TameParse/Lr/lr_state.h:209
	TameParse/Lr/parser.h:52
	TameParse/Lr/parser.h:53
	TameParse/Lr/parser.h:54
	TameParse/Lr/parser.h:55
	TameParse/Lr/parser.h:56
	TameParse/Lr/parser.h:57
	TameParse/Lr/parser.h:67
	TameParse/Lr/parser.h:73
	TameParse/Lr/parser.h:77
	TameParse/Lr/parser.h:81
	TameParse/Lr/parser.h:85
	TameParse/Lr/parser.h:91
	TameParse/Lr/parser.h:256
	TameParse/Lr/parser.h:264
	TameParse/Lr/parser.h:269
	TameParse/Lr/parser.h:285
	TameParse/Lr/parser.h:291
	TameParse/Lr/parser.h:300
	TameParse/Lr/parser.h:345
	TameParse/Lr/parser.h:352
	TameParse/Lr/parser.h:357
	TameParse/Lr/parser.h:362
	TameParse/Lr/parser.h:365
	TameParse/Lr/parser.h:374
	TameParse/Lr/parser.h:379
	TameParse/Lr/parser.h:384
	TameParse/Lr/parser.h:411
	TameParse/Lr/parser.h:414
	TameParse/Lr/parser.h:417
	TameParse/Lr/parser.h:421
	TameParse/Lr/parser.h:426
	TameParse/Lr/parser.h:432
	TameParse/Lr/parser.h:455
	TameParse/Lr/parser.h:460
	TameParse/Lr/parser.h:465
	TameParse/Lr/parser.h:469
	TameParse/Lr/parser.h:474
	TameParse/Lr/parser.h:489
	TameParse/Lr/parser.h:507
	TameParse/Lr/parser.h:529
	TameParse/Lr/parser.h:534
	TameParse/Lr/parser.h:550
	TameParse/Lr/parser.h:555
	TameParse/Lr/parser.h:561
	TameParse/Lr/parser.h:572
	TameParse/Lr/parser.h:581
	TameParse/Lr/parser.h:586
	TameParse/Lr/parser.h:592
	TameParse/Lr/parser.h:604
	TameParse/Lr/parser.h:610
	TameParse/Lr/parser.h:625
	TameParse/Lr/parser.h:632
	TameParse/Lr/parser.h:646
	TameParse/Lr/parser.h:651
	TameParse/Lr/parser.h:658
	TameParse/Lr/parser.h:664
	TameParse/Lr/parser.h:693
	TameParse/Lr/parser.h:700
	TameParse/Lr/parser.h:705
	TameParse/Lr/parser_stack.h:72
	TameParse/Lr/parser_stack.h:240
	TameParse/Lr/parser_stack.h:249
	TameParse/Lr/parser_stack.h:257
	TameParse/Lr/parser_stack.h:273
	TameParse/Lr/parser_stack.h:277
	TameParse/Lr/parser_stack.h:281
	TameParse/Lr/parser_stack.h:285
	TameParse/Lr/parser_stack.h:292
	TameParse/Lr/parser_stack.h:304
	TameParse/Lr/parser_stack.h:314
	TameParse/Lr/parser_stack.h:329
	TameParse/Lr/parser_state.h:69
	TameParse/Lr/parser_state.h:93
	TameParse/Lr/parser_state.h:101
	TameParse/Lr/parser_state.h:141
	TameParse/Lr/parser_state.h:333
	TameParse/Lr/parser_state.h:451
	TameParse/Lr/parser_state.h:515
	TameParse/Lr/parser_tables.cpp:18
	TameParse/Lr/parser_tables.cpp:47
	TameParse/Lr/parser_tables.h:70
	TameParse/Lr/parser_tables.h:75
	TameParse/Lr/parser_tables.h:141
	TameParse/Lr/parser_tables.h:146
	TameParse/Lr/parser_tables.h:152
	TameParse/Lr/parser_tables.h:155
	TameParse/Lr/parser_tables.h:160
	TameParse/Lr/parser_tables.h:166
	TameParse/Lr/parser_tables.h:172
	TameParse/Lr/parser_tables.h:177
	TameParse/Lr/parser_tables.h:180
	TameParse/Lr/parser_tables.h:183
	TameParse/Lr/parser_tables.h:188
	TameParse/Lr/parser_tables.h:205
	TameParse/Lr/parser_tables.h:210
	TameParse/Lr/parser_tables.h:219
	TameParse/Lr/parser_tables.h:225
	TameParse/Lr/parser_tables.h:230
	TameParse/Lr/parser_tables.h:233
	TameParse/Lr/parser_tables.h:236
	TameParse/Lr/parser_tables.h:239
	TameParse/Lr/parser_tables.h:242
	TameParse/Lr/parser_tables.h:245
	TameParse/Lr/parser_tables.h:248
	TameParse/Lr/weak_symbols.h:92
	TameParse/Lr/weak_symbols.h:104
	TameParse/Lr/weak_symbols.h:107
	TameParse/Util/astnode.h:63
	TameParse/Util/astnode.h:66
	TameParse/Util/astnode.h:69
	TameParse/Util/astnode.h:72
	TameParse/Util/astnode.h:75
	TameParse/Util/astnode.h:84
	TameParse/Util/container.h:21
	TameParse/Util/container.h:26
	TameParse/Util/container.h:55
	TameParse/Util/container.h:61
	TameParse/Util/container.h:69
	TameParse/Util/container.h:78
	TameParse/Util/container.h:90
	TameParse/Util/container.h:93
	TameParse/Util/container.h:96
	TameParse/Util/container.h:101
	TameParse/Util/container.h:106
	TameParse/Util/container.h:111
	TameParse/Util/container.h:116
	TameParse/Util/container.h:121
	TameParse/Util/container.h:126
	TameParse/Util/container.h:131
	TameParse/Util/container.h:136
	TameParse/Util/container.h:141
	TameParse/Util/container.h:146
	TameParse/Util/container.h:154
	TameParse/Util/container.h:162
	TameParse/Util/container.h:175
	TameParse/Util/container.h:180
	TameParse/Util/container.h:185
	TameParse/Util/container.h:190
	TameParse/Util/container.h:195
	TameParse/Util/container.h:204
	TameParse/Util/container.h:210
	TameParse/Util/container.h:221
	TameParse/Util/stringreader.h:51
	TameParse/Util/stringreader.h:64
	TameParse/Util/syntax_ptr.h:55
	TameParse/Util/syntax_ptr.h:62
	TameParse/Util/syntax_ptr.h:70
	TameParse/Util/syntax_ptr.h:75
	TameParse/Util/syntax_ptr.h:115
	TameParse/Util/syntax_ptr.h:118
	TameParse/Util/syntax_ptr.h:125
	TameParse/Util/syntax_ptr.h:131
	TameParse/Util/syntax_ptr.h:132
	TameParse/Util/syntax_ptr.h:134
	TameParse/Util/unicode.h:45
	TameParse/Util/unicode.h:48
	Test/contextfree_firstset.cpp:14
	Test/contextfree_followset.cpp:15
	Test/test_fixture.h:40
	Test/test_fixture.h:43
autoscan: warning: missing AC_FUNC_ERROR_AT_LINE wanted by: 
	parsetool/boost_console.cpp:272
	parsetool/main.cpp:49
	parsetool/main.cpp:110
	parsetool/main.cpp:116
	parsetool/main.cpp:132
	parsetool/main.cpp:144
	parsetool/main.cpp:212
	parsetool/main.cpp:218
	parsetool/main.cpp:230
	TameParse/Compiler/error.cpp:14
	TameParse/Compiler/error.h:69
	TameParse/Compiler/import_stage.cpp:94
	TameParse/Compiler/import_stage.cpp:97
	TameParse/Compiler/language_builder_stage.cpp:38
	TameParse/Compiler/language_builder_stage.cpp:66
	TameParse/Compiler/language_stage.cpp:105
	TameParse/Compiler/language_stage.cpp:112
	TameParse/Compiler/language_stage.cpp:126
	TameParse/Compiler/language_stage.cpp:186
	TameParse/Compiler/language_stage.cpp:234
	TameParse/Compiler/language_stage.cpp:247
	TameParse/Compiler/language_stage.cpp:254
	TameParse/Compiler/language_stage.cpp:299
	TameParse/Compiler/language_stage.cpp:367
	TameParse/Compiler/language_stage.cpp:399
	TameParse/Compiler/language_stage.cpp:408
	TameParse/Compiler/language_stage.cpp:427
	TameParse/Compiler/language_stage.cpp:453
	TameParse/Compiler/language_stage.cpp:459
	TameParse/Compiler/language_stage.cpp:508
	TameParse/Compiler/language_stage.cpp:712
	TameParse/Compiler/lexer_stage.cpp:59
	TameParse/Compiler/lexer_stage.cpp:70
	TameParse/Compiler/lexer_stage.cpp:83
	TameParse/Compiler/lexer_stage.cpp:132
	TameParse/Compiler/lexer_stage.cpp:141
	TameParse/Compiler/lr_parser_stage.cpp:149
	TameParse/Compiler/lr_parser_stage.cpp:157
	TameParse/Compiler/lr_parser_stage.cpp:185
	TameParse/Compiler/lr_parser_stage.cpp:190
	TameParse/Compiler/lr_parser_stage.cpp:195
	TameParse/Compiler/lr_parser_stage.cpp:200
	TameParse/Compiler/lr_parser_stage.cpp:205
	TameParse/Compiler/lr_parser_stage.cpp:209
	TameParse/Compiler/lr_parser_stage.cpp:215
	TameParse/Compiler/lr_parser_stage.cpp:220
	TameParse/Compiler/lr_parser_stage.cpp:225
	TameParse/Compiler/lr_parser_stage.cpp:245
	TameParse/Compiler/lr_parser_stage.cpp:255
	TameParse/Compiler/lr_parser_stage.cpp:333
	TameParse/Compiler/lr_parser_stage.cpp:364
	TameParse/Compiler/lr_parser_stage.cpp:376
	TameParse/Compiler/lr_parser_stage.cpp:378
	TameParse/Compiler/lr_parser_stage.cpp:441
	TameParse/Compiler/parser_stage.cpp:37
	TameParse/Compiler/parser_stage.cpp:58
	TameParse/Language/language_parser.cpp:555
	TameParse/Language/language_parser.cpp:557
autoscan: warning: missing AC_FUNC_MALLOC wanted by: 
	TameParse/ContextFree/item_set.cpp:42
autoscan: warning: missing AC_FUNC_REALLOC wanted by: 
	TameParse/ContextFree/item_set.cpp:61
	TameParse/ContextFree/item_set.cpp:112
	TameParse/ContextFree/item_set.cpp:170
autoscan: warning: missing AC_HEADER_STDBOOL wanted by: 
	bootstrap/main.cpp:101
	parsetool/boost_console.cpp:101
	parsetool/boost_console.cpp:138
	parsetool/boost_console.h:48
	TameParse/Compiler/console.cpp:15
	TameParse/Compiler/console.cpp:35
	TameParse/Compiler/console.h:31
	TameParse/Compiler/console.h:34
	TameParse/Compiler/console.h:82
	TameParse/Compiler/language_stage.cpp:46
	TameParse/Compiler/language_stage.cpp:62
	TameParse/Compiler/language_stage.cpp:361
	TameParse/Compiler/lr_parser_stage.cpp:106
	TameParse/Compiler/lr_parser_stage.cpp:118
	TameParse/Compiler/lr_parser_stage.cpp:303
	TameParse/Compiler/parser_stage.cpp:43
	TameParse/Compiler/OutputStages/cplusplus.cpp:159
	TameParse/Compiler/OutputStages/cplusplus.cpp:197
	TameParse/Compiler/OutputStages/cplusplus.cpp:650
	TameParse/Compiler/OutputStages/cplusplus.cpp:703
	TameParse/Compiler/OutputStages/cplusplus.cpp:709
	TameParse/Compiler/OutputStages/cplusplus.cpp:788
	TameParse/Compiler/OutputStages/cplusplus.cpp:1304
	TameParse/Compiler/OutputStages/cplusplus.cpp:1308
	TameParse/Compiler/OutputStages/cplusplus.cpp:1309
	TameParse/ContextFree/ebnf_items.cpp:74
	TameParse/ContextFree/ebnf_items.cpp:103
	TameParse/ContextFree/ebnf_items.h:68
	TameParse/ContextFree/ebnf_items.h:71
	TameParse/ContextFree/grammar.cpp:113
	TameParse/ContextFree/grammar.cpp:263
	TameParse/ContextFree/grammar.h:136
	TameParse/ContextFree/guard.cpp:97
	TameParse/ContextFree/guard.cpp:122
	TameParse/ContextFree/guard.h:78
	TameParse/ContextFree/guard.h:81
	TameParse/ContextFree/item.cpp:30
	TameParse/ContextFree/item.cpp:35
	TameParse/ContextFree/item.cpp:47
	TameParse/ContextFree/item.cpp:58
	TameParse/ContextFree/item.cpp:132
	TameParse/ContextFree/item.cpp:237
	TameParse/ContextFree/item.h:74
	TameParse/ContextFree/item.h:90
	TameParse/ContextFree/item.h:93
	TameParse/ContextFree/item.h:95
	TameParse/ContextFree/item.h:96
	TameParse/ContextFree/item.h:97
	TameParse/ContextFree/item.h:98
	TameParse/ContextFree/item.h:208
	TameParse/ContextFree/item.h:215
	TameParse/ContextFree/item.h:229
	TameParse/ContextFree/item.h:240
	TameParse/ContextFree/item_set.cpp:95
	TameParse/ContextFree/item_set.cpp:103
	TameParse/ContextFree/item_set.cpp:133
	TameParse/ContextFree/item_set.cpp:159
	TameParse/ContextFree/item_set.cpp:165
	TameParse/ContextFree/item_set.cpp:176
	TameParse/ContextFree/item_set.cpp:203
	TameParse/ContextFree/item_set.cpp:218
	TameParse/ContextFree/item_set.h:66
	TameParse/ContextFree/item_set.h:71
	TameParse/ContextFree/item_set.h:76
	TameParse/ContextFree/item_set.h:81
	TameParse/ContextFree/item_set.h:84
	TameParse/ContextFree/item_set.h:91
	TameParse/ContextFree/item_set.h:94
	TameParse/ContextFree/item_set.h:97
	TameParse/ContextFree/item_set.h:101
	TameParse/ContextFree/item_set.h:115
	TameParse/ContextFree/item_set.h:118
	TameParse/ContextFree/item_set.h:134
	TameParse/ContextFree/item_set.h:137
	TameParse/ContextFree/item_set.h:140
	TameParse/ContextFree/item_set.h:184
	TameParse/ContextFree/item_set.h:189
	TameParse/ContextFree/rule.cpp:74
	TameParse/ContextFree/rule.cpp:91
	TameParse/ContextFree/rule.h:99
	TameParse/ContextFree/rule.h:105
	TameParse/ContextFree/rule.h:114
	TameParse/ContextFree/rule.h:119
	TameParse/ContextFree/standard_items.cpp:146
	TameParse/ContextFree/standard_items.cpp:151
	TameParse/ContextFree/standard_items.cpp:190
	TameParse/ContextFree/standard_items.cpp:201
	TameParse/ContextFree/standard_items.cpp:206
	TameParse/ContextFree/standard_items.cpp:240
	TameParse/ContextFree/standard_items.cpp:245
	TameParse/ContextFree/standard_items.h:78
	TameParse/ContextFree/standard_items.h:81
	TameParse/ContextFree/standard_items.h:102
	TameParse/ContextFree/standard_items.h:114
	TameParse/ContextFree/standard_items.h:117
	TameParse/ContextFree/standard_items.h:150
	TameParse/ContextFree/standard_items.h:153
	TameParse/Dfa/accept_action.cpp:20
	TameParse/Dfa/accept_action.cpp:34
	TameParse/Dfa/accept_action.cpp:48
	TameParse/Dfa/accept_action.h:22
	TameParse/Dfa/accept_action.h:29
	TameParse/Dfa/accept_action.h:39
	TameParse/Dfa/accept_action.h:40
	TameParse/Dfa/accept_action.h:43
	TameParse/Dfa/accept_action.h:45
	TameParse/Dfa/accept_action.h:46
	TameParse/Dfa/accept_action.h:47
	TameParse/Dfa/accept_action.h:49
	TameParse/Dfa/accept_action.h:50
	TameParse/Dfa/accept_action.h:59
	TameParse/Dfa/basic_lexer.h:117
	TameParse/Dfa/basic_lexer.h:244
	TameParse/Dfa/lexeme.cpp:54
	TameParse/Dfa/lexeme.h:70
	TameParse/Dfa/lexeme.h:73
	TameParse/Dfa/lexer.cpp:44
	TameParse/Dfa/lexer.cpp:91
	TameParse/Dfa/lexer.cpp:115
	TameParse/Dfa/lexer.cpp:124
	TameParse/Dfa/lexer.h:28
	TameParse/Dfa/lexer.h:55
	TameParse/Dfa/lexer.h:81
	TameParse/Dfa/lexer.h:88
	TameParse/Dfa/ndfa.cpp:152
	TameParse/Dfa/ndfa.cpp:323
	TameParse/Dfa/ndfa.cpp:478
	TameParse/Dfa/ndfa.cpp:485
	TameParse/Dfa/ndfa.h:65
	TameParse/Dfa/ndfa.h:108
	TameParse/Dfa/ndfa.h:158
	TameParse/Dfa/ndfa.h:167
	TameParse/Dfa/ndfa.h:173
	TameParse/Dfa/ndfa.h:200
	TameParse/Dfa/ndfa.h:258
	TameParse/Dfa/ndfa.h:294
	TameParse/Dfa/ndfa.h:308
	TameParse/Dfa/ndfa.h:379
	TameParse/Dfa/ndfa.h:382
	TameParse/Dfa/ndfa_regex.cpp:268
	TameParse/Dfa/ndfa_regex.cpp:460
	TameParse/Dfa/ndfa_regex.cpp:736
	TameParse/Dfa/ndfa_regex.h:31
	TameParse/Dfa/ndfa_regex.h:134
	TameParse/Dfa/ndfa_regex.h:208
	TameParse/Dfa/ndfa_transformations.cpp:26
	TameParse/Dfa/ndfa_transformations.cpp:99
	TameParse/Dfa/ndfa_transformations.cpp:180
	TameParse/Dfa/ndfa_transformations.cpp:278
	TameParse/Dfa/ndfa_transformations.cpp:307
	TameParse/Dfa/position.h:73
	TameParse/Dfa/position.h:81
	TameParse/Dfa/position.h:84
	TameParse/Dfa/position.h:97
	TameParse/Dfa/position.h:100
	TameParse/Dfa/position.h:103
	TameParse/Dfa/position.h:115
	TameParse/Dfa/range.h:31
	TameParse/Dfa/range.h:70
	TameParse/Dfa/range.h:77
	TameParse/Dfa/range.h:82
	TameParse/Dfa/range.h:85
	TameParse/Dfa/range.h:94
	TameParse/Dfa/range.h:99
	TameParse/Dfa/range.h:102
	TameParse/Dfa/range.h:105
	TameParse/Dfa/range.h:112
	TameParse/Dfa/range.h:119
	TameParse/Dfa/state_machine.h:84
	TameParse/Dfa/state_machine.h:100
	TameParse/Dfa/state_machine.h:176
	TameParse/Dfa/symbol_map.cpp:75
	TameParse/Dfa/symbol_map.h:72
	TameParse/Dfa/symbol_set.cpp:176
	TameParse/Dfa/symbol_set.cpp:191
	TameParse/Dfa/symbol_set.cpp:206
	TameParse/Dfa/symbol_set.cpp:224
	TameParse/Dfa/symbol_set.h:141
	TameParse/Dfa/symbol_set.h:151
	TameParse/Dfa/symbol_set.h:156
	TameParse/Dfa/symbol_set.h:159
	TameParse/Dfa/symbol_set.h:162
	TameParse/Dfa/symbol_set.h:165
	TameParse/Dfa/symbol_set.h:168
	TameParse/Dfa/symbol_set.h:171
	TameParse/Dfa/symbol_set.h:174
	TameParse/Dfa/transition.cpp:20
	TameParse/Dfa/transition.cpp:25
	TameParse/Dfa/transition.cpp:33
	TameParse/Dfa/transition.h:40
	TameParse/Dfa/transition.h:43
	TameParse/Dfa/transition.h:46
	TameParse/Dfa/transition.h:49
	TameParse/Dfa/transition.h:52
	TameParse/Dfa/transition.h:55
	TameParse/Language/bootstrap.cpp:380
	TameParse/Language/bootstrap.cpp:512
	TameParse/Language/bootstrap.cpp:568
	TameParse/Language/bootstrap.cpp:592
	TameParse/Language/bootstrap.cpp:617
	TameParse/Language/bootstrap.cpp:735
	TameParse/Language/bootstrap.cpp:780
	TameParse/Language/bootstrap.cpp:822
	TameParse/Language/bootstrap.cpp:852
	TameParse/Language/bootstrap.h:217
	TameParse/Language/bootstrap.h:221
	TameParse/Language/bootstrap.h:223
	TameParse/Language/bootstrap.h:224
	TameParse/Language/bootstrap.h:225
	TameParse/Language/bootstrap.h:227
	TameParse/Language/bootstrap.h:229
	TameParse/Language/definition_file.h:61
	TameParse/Language/formatter.cpp:81
	TameParse/Language/formatter.cpp:125
	TameParse/Language/formatter.cpp:146
	TameParse/Language/formatter.cpp:156
	TameParse/Language/formatter.cpp:186
	TameParse/Language/formatter.cpp:226
	TameParse/Language/formatter.cpp:249
	TameParse/Language/formatter.cpp:254
	TameParse/Language/formatter.cpp:274
	TameParse/Language/formatter.cpp:383
	TameParse/Language/formatter.cpp:387
	TameParse/Language/formatter.cpp:415
	TameParse/Language/formatter.cpp:419
	TameParse/Language/formatter.cpp:451
	TameParse/Language/formatter.cpp:468
	TameParse/Language/formatter.cpp:527
	TameParse/Language/formatter.h:62
	TameParse/Language/formatter.h:75
	TameParse/Language/formatter.h:81
	TameParse/Language/formatter.h:84
	TameParse/Language/language_parser.cpp:54
	TameParse/Language/language_parser.cpp:349
	TameParse/Language/language_parser.cpp:389
	TameParse/Language/language_parser.cpp:424
	TameParse/Language/language_parser.cpp:430
	TameParse/Language/language_parser.cpp:546
	TameParse/Language/language_parser.cpp:568
	TameParse/Language/language_parser.cpp:569
	TameParse/Language/language_parser.cpp:611
	TameParse/Language/language_parser.cpp:612
	TameParse/Language/language_parser.cpp:658
	TameParse/Language/language_parser.cpp:659
	TameParse/Language/language_parser.h:55
	TameParse/Language/language_parser.h:61
	TameParse/Language/language_parser.h:64
	TameParse/Language/lexeme_definition.cpp:14
	TameParse/Language/lexeme_definition.h:45
	TameParse/Language/lexeme_definition.h:54
	TameParse/Language/lexeme_definition.h:63
	TameParse/Lr/action_rewriter.h:47
	TameParse/Lr/conflict.cpp:38
	TameParse/Lr/conflict.cpp:47
	TameParse/Lr/conflict.cpp:85
	TameParse/Lr/conflict.h:99
	TameParse/Lr/conflict.h:102
	TameParse/Lr/lalr_machine.cpp:79
	TameParse/Lr/lalr_machine.cpp:83
	TameParse/Lr/lalr_machine.cpp:96
	TameParse/Lr/lalr_machine.h:97
	TameParse/Lr/lalr_machine.h:100
	TameParse/Lr/lalr_state.cpp:34
	TameParse/Lr/lalr_state.cpp:39
	TameParse/Lr/lalr_state.h:59
	TameParse/Lr/lalr_state.h:60
	TameParse/Lr/lalr_state.h:62
	TameParse/Lr/lalr_state.h:63
	TameParse/Lr/lalr_state.h:64
	TameParse/Lr/lalr_state.h:65
	TameParse/Lr/lalr_state.h:72
	TameParse/Lr/lalr_state.h:75
	TameParse/Lr/lr1_item_set.h:35
	TameParse/Lr/lr1_item_set.h:59
	TameParse/Lr/lr1_item_set.h:72
	TameParse/Lr/lr1_item_set.h:84
	TameParse/Lr/lr1_item_set.h:98
	TameParse/Lr/lr1_item_set.h:114
	TameParse/Lr/lr_action.h:120
	TameParse/Lr/lr_action.h:133
	TameParse/Lr/lr_action.h:158
	TameParse/Lr/lr_item.cpp:63
	TameParse/Lr/lr_item.cpp:74
	TameParse/Lr/lr_item.cpp:130
	TameParse/Lr/lr_item.cpp:158
	TameParse/Lr/lr_item.h:74
	TameParse/Lr/lr_item.h:77
	TameParse/Lr/lr_item.h:90
	TameParse/Lr/lr_item.h:96
	TameParse/Lr/lr_item.h:97
	TameParse/Lr/lr_item.h:98
	TameParse/Lr/lr_item.h:99
	TameParse/Lr/lr_item.h:102
	TameParse/Lr/lr_item.h:160
	TameParse/Lr/lr_item.h:163
	TameParse/Lr/lr_item.h:167
	TameParse/Lr/lr_item.h:185
	TameParse/Lr/lr_item.h:209
	TameParse/Lr/lr_item.h:210
	TameParse/Lr/lr_item.h:211
	TameParse/Lr/lr_item.h:212
	TameParse/Lr/lr_item.h:215
	TameParse/Lr/lr_state.h:22
	TameParse/Lr/lr_state.h:92
	TameParse/Lr/lr_state.h:109
	TameParse/Lr/lr_state.h:127
	TameParse/Lr/lr_state.h:128
	TameParse/Lr/lr_state.h:129
	TameParse/Lr/lr_state.h:130
	TameParse/Lr/lr_state.h:137
	TameParse/Lr/lr_state.h:140
	TameParse/Lr/parser.h:106
	TameParse/Lr/parser.h:133
	TameParse/Lr/parser.h:185
	TameParse/Lr/parser.h:379
	TameParse/Lr/parser.h:384
	TameParse/Lr/parser.h:469
	TameParse/Lr/parser.h:474
	TameParse/Lr/parser.h:489
	TameParse/Lr/parser.h:507
	TameParse/Lr/parser.h:564
	TameParse/Lr/parser.h:572
	TameParse/Lr/parser.h:581
	TameParse/Lr/parser.h:586
	TameParse/Lr/parser.h:592
	TameParse/Lr/parser.h:605
	TameParse/Lr/parser.h:621
	TameParse/Lr/parser.h:632
	TameParse/Lr/parser_stack.h:124
	TameParse/Lr/parser_stack.h:329
	TameParse/Lr/parser_state.h:141
	TameParse/Lr/parser_state.h:213
	TameParse/Lr/parser_state.h:225
	TameParse/Lr/parser_state.h:258
	TameParse/Lr/parser_state.h:368
	TameParse/Lr/parser_state.h:454
	TameParse/Lr/parser_state.h:526
	TameParse/Lr/parser_state.h:554
	TameParse/Lr/parser_state.h:572
	TameParse/Lr/parser_tables.cpp:47
	TameParse/Lr/parser_tables.h:70
	TameParse/Lr/parser_tables.h:75
	TameParse/Lr/parser_tables.h:118
	TameParse/Lr/parser_tables.h:141
	TameParse/Lr/parser_tables.h:183
	TameParse/Lr/weak_symbols.cpp:175
	TameParse/Lr/weak_symbols.cpp:208
	TameParse/Util/astnode.cpp:45
	TameParse/Util/astnode.h:82
	TameParse/Util/astnode.h:84
	TameParse/Util/container.h:47
	TameParse/Util/container.h:55
	TameParse/Util/container.h:126
	TameParse/Util/container.h:131
	TameParse/Util/container.h:136
	TameParse/Util/container.h:141
	TameParse/Util/container.h:146
	TameParse/Util/container.h:154
	TameParse/Util/container.h:162
	TameParse/Util/container.h:190
	TameParse/Util/stringreader.h:64
	TameParse/Util/utf8reader.cpp:18
	TameParse/Util/utf8reader.cpp:155
	TameParse/Util/utf8reader.h:35
	TameParse/Util/utf8reader.h:38
	TameParse/Util/utf8reader.h:48
	TameParse/Util/utf8reader.h:61
	Test/contextfree_firstset.cpp:14
	Test/contextfree_followset.cpp:15
	Test/dfa_multi_regex.cpp:26
	Test/dfa_single_regex.cpp:28
	Test/dfa_single_regex.cpp:59
	Test/dfa_symbol_deduplicate.cpp:16
	Test/dfa_symbol_deduplicate.cpp:29
	Test/language_bootstrap.cpp:27
	Test/language_bootstrap.cpp:36
	Test/language_bootstrap.cpp:79
	Test/language_bootstrap.cpp:80
	Test/language_bootstrap.cpp:81
	Test/language_bootstrap.cpp:82
	Test/language_bootstrap.cpp:83
	Test/language_bootstrap.cpp:84
	Test/language_bootstrap.cpp:85
	Test/language_bootstrap.cpp:93
	Test/language_bootstrap.cpp:94
	Test/language_bootstrap.cpp:95
	Test/language_bootstrap.cpp:96
	Test/language_bootstrap.cpp:162
	Test/language_bootstrap.cpp:188
	Test/language_bootstrap.cpp:249
	Test/language_primary.cpp:26
	Test/language_primary.cpp:35
	Test/language_primary.cpp:105
	Test/lr_lalr_general.cpp:176
	Test/lr_lalr_general.cpp:197
	Test/lr_lalr_general.cpp:199
	Test/lr_lalr_general.cpp:229
	Test/lr_lalr_general.cpp:233
	Test/lr_weaksymbols.cpp:66
	Test/lr_weaksymbols.cpp:67
	Test/lr_weaksymbols.cpp:79
	Test/lr_weaksymbols.cpp:80
	Test/lr_weaksymbols.cpp:81
	Test/test_fixture.cpp:23
	Test/test_fixture.cpp:38
	Test/test_fixture.h:31
	Test/test_fixture.h:34
	bootstrap/main.cpp:88
	parsetool/boost_console.cpp:101
	parsetool/boost_console.cpp:141
	parsetool/main.cpp:26
	TameParse/Compiler/console.h:37
	TameParse/Compiler/language_stage.cpp:55
	TameParse/Compiler/language_stage.cpp:65
	TameParse/Compiler/language_stage.cpp:69
	TameParse/Compiler/language_stage.cpp:72
	TameParse/Compiler/lr_parser_stage.cpp:110
	TameParse/Compiler/lr_parser_stage.cpp:118
	TameParse/Compiler/lr_parser_stage.cpp:276
	TameParse/Compiler/OutputStages/cplusplus.cpp:172
	TameParse/Compiler/OutputStages/cplusplus.cpp:209
	TameParse/Compiler/OutputStages/cplusplus.cpp:659
	TameParse/Compiler/OutputStages/cplusplus.cpp:729
	TameParse/Compiler/OutputStages/cplusplus.cpp:730
	TameParse/Compiler/OutputStages/cplusplus.cpp:763
	TameParse/Compiler/OutputStages/cplusplus.cpp:824
	TameParse/Compiler/OutputStages/cplusplus.cpp:850
	TameParse/Compiler/OutputStages/cplusplus.cpp:877
	TameParse/Compiler/OutputStages/cplusplus.cpp:903
	TameParse/Compiler/OutputStages/cplusplus.cpp:1309
	TameParse/Compiler/OutputStages/cplusplus.cpp:1322
	TameParse/Compiler/OutputStages/cplusplus.cpp:1327
	TameParse/Compiler/OutputStages/cplusplus.cpp:1369
	TameParse/Compiler/OutputStages/cplusplus.cpp:1406
	TameParse/Compiler/OutputStages/cplusplus.cpp:1451
	TameParse/ContextFree/ebnf_items.cpp:27
	TameParse/ContextFree/ebnf_items.cpp:35
	TameParse/ContextFree/ebnf_items.cpp:43
	TameParse/ContextFree/ebnf_items.cpp:54
	TameParse/ContextFree/ebnf_items.cpp:68
	TameParse/ContextFree/ebnf_items.cpp:80
	TameParse/ContextFree/ebnf_items.cpp:84
	TameParse/ContextFree/ebnf_items.cpp:87
	TameParse/ContextFree/ebnf_items.cpp:88
	TameParse/ContextFree/ebnf_items.cpp:95
	TameParse/ContextFree/ebnf_items.cpp:104
	TameParse/ContextFree/ebnf_items.cpp:110
	TameParse/ContextFree/ebnf_items.cpp:114
	TameParse/ContextFree/ebnf_items.cpp:118
	TameParse/ContextFree/ebnf_items.cpp:126
	TameParse/ContextFree/ebnf_items.cpp:130
	TameParse/ContextFree/ebnf_items.cpp:361
	TameParse/ContextFree/grammar.cpp:22
	TameParse/ContextFree/grammar.cpp:142
	TameParse/ContextFree/grammar.cpp:172
	TameParse/ContextFree/grammar.cpp:265
	TameParse/ContextFree/guard.cpp:24
	TameParse/ContextFree/guard.cpp:37
	TameParse/ContextFree/guard.cpp:50
	TameParse/ContextFree/guard.cpp:101
	TameParse/ContextFree/guard.cpp:106
	TameParse/ContextFree/guard.cpp:112
	TameParse/ContextFree/guard.cpp:123
	TameParse/ContextFree/guard.cpp:127
	TameParse/ContextFree/guard.cpp:132
	TameParse/ContextFree/guard.cpp:139
	TameParse/ContextFree/item.cpp:40
	TameParse/ContextFree/item.cpp:53
	TameParse/ContextFree/item.cpp:64
	TameParse/ContextFree/item.cpp:88
	TameParse/ContextFree/item.cpp:163
	TameParse/ContextFree/item.cpp:177
	TameParse/ContextFree/item.cpp:188
	TameParse/ContextFree/item.cpp:231
	TameParse/ContextFree/item.cpp:236
	TameParse/ContextFree/item.h:207
	TameParse/ContextFree/item.h:231
	TameParse/ContextFree/item.h:233
	TameParse/ContextFree/item_set.cpp:126
	TameParse/ContextFree/item_set.cpp:140
	TameParse/ContextFree/item_set.cpp:152
	TameParse/ContextFree/item_set.cpp:176
	TameParse/ContextFree/item_set.cpp:210
	TameParse/ContextFree/item_set.h:103
	TameParse/ContextFree/item_set.h:107
	TameParse/ContextFree/item_set.h:121
	TameParse/ContextFree/item_set.h:126
	TameParse/ContextFree/item_set.h:130
	TameParse/ContextFree/rule.cpp:76
	TameParse/ContextFree/rule.cpp:80
	TameParse/ContextFree/rule.cpp:84
	TameParse/ContextFree/rule.cpp:96
	TameParse/ContextFree/rule.cpp:99
	TameParse/ContextFree/rule.cpp:106
	TameParse/ContextFree/rule.h:120
	TameParse/ContextFree/rule.h:122
	TameParse/ContextFree/standard_items.cpp:64
	TameParse/ContextFree/standard_items.cpp:192
	TameParse/Dfa/accept_action.cpp:15
	TameParse/Dfa/accept_action.cpp:36
	TameParse/Dfa/accept_action.cpp:39
	TameParse/Dfa/accept_action.cpp:40
	TameParse/Dfa/basic_lexer.h:244
	TameParse/Dfa/lexeme.cpp:56
	TameParse/Dfa/lexeme.cpp:59
	TameParse/Dfa/lexeme.cpp:63
	TameParse/Dfa/lexeme.h:74
	TameParse/Dfa/lexeme.h:76
	TameParse/Dfa/lexer.cpp:87
	TameParse/Dfa/lexer.cpp:116
	TameParse/Dfa/lexer.cpp:117
	TameParse/Dfa/lexer.cpp:127
	TameParse/Dfa/lexer.cpp:130
	TameParse/Dfa/lexer.cpp:133
	TameParse/Dfa/lexer.h:81
	TameParse/Dfa/lexer.h:86
	TameParse/Dfa/ndfa.cpp:51
	TameParse/Dfa/ndfa.cpp:61
	TameParse/Dfa/ndfa.cpp:320
	TameParse/Dfa/ndfa.cpp:340
	TameParse/Dfa/ndfa.cpp:501
	TameParse/Dfa/ndfa.h:64
	TameParse/Dfa/ndfa.h:108
	TameParse/Dfa/ndfa.h:217
	TameParse/Dfa/ndfa.h:304
	TameParse/Dfa/ndfa.h:379
	TameParse/Dfa/ndfa.h:382
	TameParse/Dfa/ndfa_regex.cpp:268
	TameParse/Dfa/ndfa_regex.cpp:461
	TameParse/Dfa/ndfa_regex.cpp:466
	TameParse/Dfa/ndfa_regex.cpp:788
	TameParse/Dfa/ndfa_regex.h:131
	TameParse/Dfa/ndfa_transformations.cpp:27
	TameParse/Dfa/ndfa_transformations.cpp:29
	TameParse/Dfa/ndfa_transformations.cpp:99
	TameParse/Dfa/ndfa_transformations.cpp:281
	TameParse/Dfa/position.h:74
	TameParse/Dfa/position.h:75
	TameParse/Dfa/position.h:86
	TameParse/Dfa/position.h:89
	TameParse/Dfa/position.h:121
	TameParse/Dfa/position.h:129
	TameParse/Dfa/position.h:154
	TameParse/Dfa/position.h:168
	TameParse/Dfa/position.h:173
	TameParse/Dfa/range.h:71
	TameParse/Dfa/range.h:72
	TameParse/Dfa/range.h:88
	TameParse/Dfa/range.h:106
	TameParse/Dfa/range.h:107
	TameParse/Dfa/range.h:115
	TameParse/Dfa/range.h:120
	TameParse/Dfa/range.h:121
	TameParse/Dfa/state_machine.h:280
	TameParse/Dfa/state_machine.h:325
	TameParse/Dfa/symbol_map.cpp:93
	TameParse/Dfa/symbol_set.cpp:181
	TameParse/Dfa/symbol_set.cpp:195
	TameParse/Dfa/symbol_set.cpp:199
	TameParse/Dfa/symbol_set.cpp:207
	TameParse/Dfa/symbol_set.cpp:211
	TameParse/Dfa/symbol_set.cpp:220
	TameParse/Dfa/symbol_set.cpp:229
	TameParse/Dfa/symbol_set.h:142
	TameParse/Dfa/symbol_set.h:144
	TameParse/Dfa/transition.cpp:27
	TameParse/Language/bootstrap.cpp:382
	TameParse/Language/bootstrap.cpp:383
	TameParse/Language/bootstrap.cpp:392
	TameParse/Language/bootstrap.cpp:398
	TameParse/Language/bootstrap.cpp:404
	TameParse/Language/bootstrap.cpp:514
	TameParse/Language/bootstrap.cpp:515
	TameParse/Language/bootstrap.cpp:525
	TameParse/Language/bootstrap.cpp:530
	TameParse/Language/bootstrap.cpp:536
	TameParse/Language/bootstrap.cpp:619
	TameParse/Language/bootstrap.cpp:634
	TameParse/Language/bootstrap.cpp:640
	TameParse/Language/bootstrap.cpp:658
	TameParse/Language/bootstrap.cpp:666
	TameParse/Language/bootstrap.cpp:669
	TameParse/Language/bootstrap.cpp:682
	TameParse/Language/bootstrap.cpp:700
	TameParse/Language/bootstrap.cpp:706
	TameParse/Language/bootstrap.cpp:714
	TameParse/Language/bootstrap.cpp:723
	TameParse/Language/bootstrap.cpp:732
	TameParse/Language/bootstrap.cpp:737
	TameParse/Language/bootstrap.cpp:743
	TameParse/Language/bootstrap.cpp:747
	TameParse/Language/bootstrap.cpp:764
	TameParse/Language/bootstrap.cpp:772
	TameParse/Language/bootstrap.cpp:782
	TameParse/Language/bootstrap.cpp:788
	TameParse/Language/bootstrap.cpp:792
	TameParse/Language/bootstrap.cpp:799
	TameParse/Language/bootstrap.cpp:824
	TameParse/Language/bootstrap.cpp:833
	TameParse/Language/bootstrap.cpp:838
	TameParse/Language/bootstrap.cpp:844
	TameParse/Language/bootstrap.cpp:854
	TameParse/Language/bootstrap.cpp:863
	TameParse/Language/bootstrap.cpp:868
	TameParse/Language/bootstrap.cpp:874
	TameParse/Language/formatter.cpp:48
	TameParse/Language/formatter.cpp:88
	TameParse/Language/formatter.cpp:91
	TameParse/Language/formatter.cpp:102
	TameParse/Language/formatter.cpp:137
	TameParse/Language/formatter.cpp:167
	TameParse/Language/formatter.cpp:202
	TameParse/Language/formatter.cpp:237
	TameParse/Language/formatter.cpp:280
	TameParse/Language/formatter.cpp:287
	TameParse/Language/formatter.cpp:312
	TameParse/Language/formatter.cpp:408
	TameParse/Language/formatter.cpp:439
	TameParse/Language/formatter.cpp:455
	TameParse/Language/formatter.cpp:480
	TameParse/Language/formatter.h:75
	TameParse/Language/formatter.h:81
	TameParse/Language/formatter.h:84
	TameParse/Language/language_parser.cpp:54
	TameParse/Language/language_parser.cpp:364
	TameParse/Language/language_parser.cpp:569
	TameParse/Language/language_parser.cpp:612
	TameParse/Language/language_parser.cpp:659
	TameParse/Lr/action_rewriter.h:48
	TameParse/Lr/conflict.cpp:39
	TameParse/Lr/conflict.cpp:41
	TameParse/Lr/conflict.cpp:49
	TameParse/Lr/conflict.cpp:52
	TameParse/Lr/conflict.cpp:55
	TameParse/Lr/conflict.cpp:59
	TameParse/Lr/conflict.cpp:94
	TameParse/Lr/lalr_builder.cpp:212
	TameParse/Lr/lalr_machine.cpp:80
	TameParse/Lr/lalr_machine.cpp:83
	TameParse/Lr/lalr_state.h:76
	TameParse/Lr/lalr_state.h:78
	TameParse/Lr/lr1_item_set.h:72
	TameParse/Lr/lr1_item_set.h:84
	TameParse/Lr/lr_action.cpp:24
	TameParse/Lr/lr_action.h:122
	TameParse/Lr/lr_action.h:124
	TameParse/Lr/lr_action.h:126
	TameParse/Lr/lr_action.h:129
	TameParse/Lr/lr_action.h:159
	TameParse/Lr/lr_action.h:161
	TameParse/Lr/lr_item.cpp:65
	TameParse/Lr/lr_item.cpp:75
	TameParse/Lr/lr_item.cpp:134
	TameParse/Lr/lr_item.cpp:142
	TameParse/Lr/lr_item.cpp:150
	TameParse/Lr/lr_item.cpp:154
	TameParse/Lr/lr_item.cpp:163
	TameParse/Lr/lr_item.cpp:166
	TameParse/Lr/lr_item.cpp:173
	TameParse/Lr/lr_item.h:103
	TameParse/Lr/lr_item.h:105
	TameParse/Lr/lr_item.h:216
	TameParse/Lr/lr_item.h:218
	TameParse/Lr/lr_state.h:23
	TameParse/Lr/lr_state.h:93
	TameParse/Lr/lr_state.h:102
	TameParse/Lr/lr_state.h:111
	TameParse/Lr/lr_state.h:120
	TameParse/Lr/lr_state.h:124
	TameParse/Lr/lr_state.h:141
	TameParse/Lr/lr_state.h:143
	TameParse/Lr/parser.h:151
	TameParse/Lr/parser.h:196
	TameParse/Lr/parser.h:614
	TameParse/Lr/parser.h:616
	TameParse/Lr/parser.h:631
	TameParse/Lr/parser_stack.h:125
	TameParse/Lr/parser_stack.h:326
	TameParse/Lr/parser_stack.h:331
	TameParse/Lr/parser_state.h:168
	TameParse/Lr/parser_state.h:181
	TameParse/Lr/parser_state.h:187
	TameParse/Lr/parser_state.h:196
	TameParse/Lr/parser_state.h:213
	TameParse/Lr/parser_state.h:240
	TameParse/Lr/parser_state.h:254
	TameParse/Lr/parser_state.h:258
	TameParse/Lr/parser_state.h:384
	TameParse/Lr/parser_state.h:439
	TameParse/Lr/parser_state.h:443
	TameParse/Lr/parser_state.h:444
	TameParse/Lr/parser_state.h:537
	TameParse/Lr/parser_state.h:547
	TameParse/Lr/parser_state.h:549
	TameParse/Lr/parser_state.h:568
	TameParse/Lr/parser_state.h:569
	TameParse/Lr/parser_state.h:572
	TameParse/Lr/parser_state.h:594
	TameParse/Lr/parser_tables.cpp:50
	TameParse/Lr/parser_tables.cpp:57
	TameParse/Lr/parser_tables.cpp:60
	TameParse/Lr/parser_tables.cpp:235
	TameParse/Lr/weak_symbols.cpp:175
	TameParse/Util/astnode.cpp:26
	TameParse/Util/astnode.cpp:46
	TameParse/Util/astnode.cpp:49
	TameParse/Util/astnode.cpp:52
	TameParse/Util/astnode.cpp:56
	TameParse/Util/astnode.cpp:59
	TameParse/Util/astnode.h:85
	TameParse/Util/astnode.h:87
	TameParse/Util/container.h:148
	TameParse/Util/container.h:165
	TameParse/Util/container.h:167
	TameParse/Util/container.h:186
	TameParse/Util/container.h:199
	TameParse/Util/utf8reader.cpp:21
	TameParse/Util/utf8reader.cpp:38
	TameParse/Util/utf8reader.h:48
	TameParse/Util/utf8reader.h:57
	Test/contextfree_firstset.cpp:15
	Test/dfa_multi_regex.cpp:27
	Test/dfa_single_regex.cpp:29
	Test/dfa_single_regex.cpp:61
	Test/dfa_single_regex.cpp:62
	Test/dfa_single_regex.cpp:63
	Test/dfa_single_regex.cpp:65
	Test/dfa_single_regex.cpp:66
	Test/dfa_single_regex.cpp:67
	Test/dfa_single_regex.cpp:69
	Test/dfa_single_regex.cpp:70
	Test/dfa_single_regex.cpp:71
	Test/dfa_single_regex.cpp:72
	Test/dfa_symbol_deduplicate.cpp:25
	Test/dfa_symbol_deduplicate.cpp:46
	Test/dfa_symbol_deduplicate.cpp:55
	Test/language_bootstrap.cpp:42
	Test/language_bootstrap.cpp:46
	Test/language_bootstrap.cpp:79
	Test/language_bootstrap.cpp:80
	Test/language_bootstrap.cpp:81
	Test/language_bootstrap.cpp:82
	Test/language_bootstrap.cpp:83
	Test/language_bootstrap.cpp:84
	Test/language_bootstrap.cpp:85
	Test/language_bootstrap.cpp:93
	Test/language_bootstrap.cpp:94
	Test/language_bootstrap.cpp:95
	Test/language_bootstrap.cpp:96
	Test/language_bootstrap.cpp:170
	Test/language_bootstrap.cpp:193
	Test/language_bootstrap.cpp:199
	Test/language_bootstrap.cpp:211
	Test/language_primary.cpp:41
	Test/language_primary.cpp:45
	Test/lr_lalr_general.cpp:188
	Test/lr_lalr_general.cpp:211
	Test/lr_lalr_general.cpp:217
	Test/lr_weaksymbols.cpp:35
	Test/lr_weaksymbols.cpp:36
	Test/lr_weaksymbols.cpp:37
	Test/lr_weaksymbols.cpp:66
	Test/lr_weaksymbols.cpp:67
	Test/lr_weaksymbols.cpp:79
	Test/lr_weaksymbols.cpp:80
	Test/lr_weaksymbols.cpp:81
	parsetool/boost_console.cpp:109
	parsetool/boost_console.cpp:114
	parsetool/boost_console.cpp:119
	parsetool/boost_console.cpp:124
	parsetool/boost_console.cpp:137
	parsetool/boost_console.cpp:145
	parsetool/boost_console.h:47
	TameParse/Compiler/console.cpp:34
	TameParse/Compiler/console.cpp:36
	TameParse/Compiler/console.h:35
	TameParse/Compiler/console.h:36
	TameParse/Compiler/console.h:81
	TameParse/Compiler/language_stage.cpp:51
	TameParse/Compiler/language_stage.cpp:54
	TameParse/Compiler/language_stage.cpp:64
	TameParse/Compiler/language_stage.cpp:378
	TameParse/Compiler/language_stage.cpp:576
	TameParse/Compiler/language_stage.cpp:591
	TameParse/Compiler/language_stage.cpp:611
	TameParse/Compiler/language_stage.cpp:631
	TameParse/Compiler/language_stage.cpp:651
	TameParse/Compiler/language_stage.cpp:671
	TameParse/Compiler/language_stage.cpp:697
	TameParse/Compiler/lexer_stage.cpp:158
	TameParse/Compiler/lr_parser_stage.cpp:106
	TameParse/Compiler/lr_parser_stage.cpp:159
	TameParse/Compiler/lr_parser_stage.cpp:261
	TameParse/Compiler/OutputStages/cplusplus.cpp:159
	TameParse/Compiler/OutputStages/cplusplus.cpp:197
	TameParse/Compiler/OutputStages/cplusplus.cpp:650
	TameParse/Compiler/OutputStages/cplusplus.cpp:703
	TameParse/Compiler/OutputStages/cplusplus.cpp:709
	TameParse/Compiler/OutputStages/cplusplus.cpp:741
	TameParse/Compiler/OutputStages/cplusplus.cpp:807
	TameParse/Compiler/OutputStages/cplusplus.cpp:833
	TameParse/Compiler/OutputStages/cplusplus.cpp:859
	TameParse/Compiler/OutputStages/cplusplus.cpp:886
	TameParse/Compiler/OutputStages/cplusplus.cpp:1304
	TameParse/Compiler/OutputStages/cplusplus.cpp:1308
	TameParse/Compiler/OutputStages/cplusplus.cpp:1315
	TameParse/Compiler/OutputStages/cplusplus.cpp:1348
	TameParse/Compiler/OutputStages/cplusplus.cpp:1431
	TameParse/ContextFree/ebnf_items.cpp:73
	TameParse/ContextFree/ebnf_items.cpp:75
	TameParse/ContextFree/ebnf_items.cpp:99
	TameParse/ContextFree/ebnf_items.cpp:109
	TameParse/ContextFree/ebnf_items.cpp:117
	TameParse/ContextFree/ebnf_items.cpp:125
	TameParse/ContextFree/ebnf_items.cpp:186
	TameParse/ContextFree/ebnf_items.cpp:193
	TameParse/ContextFree/ebnf_items.cpp:194
	TameParse/ContextFree/ebnf_items.cpp:236
	TameParse/ContextFree/ebnf_items.cpp:244
	TameParse/ContextFree/ebnf_items.cpp:245
	TameParse/ContextFree/ebnf_items.cpp:290
	TameParse/ContextFree/ebnf_items.cpp:291
	TameParse/ContextFree/ebnf_items.cpp:299
	TameParse/ContextFree/ebnf_items.cpp:300
	TameParse/ContextFree/ebnf_items.h:67
	TameParse/ContextFree/grammar.cpp:99
	TameParse/ContextFree/grammar.cpp:112
	TameParse/ContextFree/grammar.cpp:119
	TameParse/ContextFree/grammar.cpp:263
	TameParse/ContextFree/grammar.cpp:288
	TameParse/ContextFree/grammar.cpp:374
	TameParse/ContextFree/grammar.cpp:380
	TameParse/ContextFree/grammar.cpp:389
	TameParse/ContextFree/grammar.cpp:390
	TameParse/ContextFree/grammar.cpp:398
	TameParse/ContextFree/grammar.h:135
	TameParse/ContextFree/guard.cpp:22
	TameParse/ContextFree/guard.cpp:28
	TameParse/ContextFree/guard.cpp:35
	TameParse/ContextFree/guard.cpp:41
	TameParse/ContextFree/guard.cpp:48
	TameParse/ContextFree/guard.cpp:54
	TameParse/ContextFree/guard.cpp:98
	TameParse/ContextFree/guard.cpp:126
	TameParse/ContextFree/guard.cpp:138
	TameParse/ContextFree/item.cpp:29
	TameParse/ContextFree/item.cpp:39
	TameParse/ContextFree/item.cpp:46
	TameParse/ContextFree/item.cpp:52
	TameParse/ContextFree/item.cpp:61
	TameParse/ContextFree/item.cpp:128
	TameParse/ContextFree/item.cpp:174
	TameParse/ContextFree/item.cpp:239
	TameParse/ContextFree/item.h:73
	TameParse/ContextFree/item.h:89
	TameParse/ContextFree/item.h:211
	TameParse/ContextFree/item.h:228
	TameParse/ContextFree/item.h:232
	TameParse/ContextFree/item.h:239
	TameParse/ContextFree/item_set.cpp:102
	TameParse/ContextFree/item_set.cpp:124
	TameParse/ContextFree/item_set.cpp:132
	TameParse/ContextFree/item_set.cpp:150
	TameParse/ContextFree/item_set.cpp:158
	TameParse/ContextFree/item_set.cpp:190
	TameParse/ContextFree/item_set.h:65
	TameParse/ContextFree/item_set.h:70
	TameParse/ContextFree/item_set.h:75
	TameParse/ContextFree/item_set.h:80
	TameParse/ContextFree/item_set.h:100
	TameParse/ContextFree/item_set.h:111
	TameParse/ContextFree/item_set.h:114
	TameParse/ContextFree/item_set.h:120
	TameParse/ContextFree/item_set.h:125
	TameParse/ContextFree/rule.cpp:16
	TameParse/ContextFree/rule.cpp:42
	TameParse/ContextFree/rule.cpp:79
	TameParse/ContextFree/rule.cpp:83
	TameParse/ContextFree/rule.cpp:93
	TameParse/ContextFree/rule.cpp:109
	TameParse/ContextFree/rule.h:121
	TameParse/ContextFree/standard_items.cpp:78
	TameParse/ContextFree/standard_items.cpp:145
	TameParse/ContextFree/standard_items.cpp:200
	TameParse/ContextFree/standard_items.cpp:239
	TameParse/ContextFree/standard_items.h:77
	TameParse/ContextFree/standard_items.h:113
	TameParse/ContextFree/standard_items.h:149
	TameParse/Dfa/accept_action.cpp:42
	TameParse/Dfa/basic_lexer.h:117
	TameParse/Dfa/basic_lexer.h:255
	TameParse/Dfa/lexeme.cpp:55
	TameParse/Dfa/lexeme.cpp:58
	TameParse/Dfa/lexeme.cpp:61
	TameParse/Dfa/lexeme.h:72
	TameParse/Dfa/lexeme.h:75
	TameParse/Dfa/lexer.cpp:17
	TameParse/Dfa/lexer.cpp:26
	TameParse/Dfa/lexer.cpp:37
	TameParse/Dfa/lexer.cpp:124
	TameParse/Dfa/lexer.h:54
	TameParse/Dfa/lexer.h:55
	TameParse/Dfa/lexer.h:79
	TameParse/Dfa/ndfa.cpp:338
	TameParse/Dfa/ndfa.cpp:474
	TameParse/Dfa/ndfa.cpp:476
	TameParse/Dfa/ndfa.cpp:483
	TameParse/Dfa/ndfa.cpp:510
	TameParse/Dfa/ndfa.h:64
	TameParse/Dfa/ndfa.h:157
	TameParse/Dfa/ndfa.h:160
	TameParse/Dfa/ndfa.h:163
	TameParse/Dfa/ndfa.h:169
	TameParse/Dfa/ndfa.h:171
	TameParse/Dfa/ndfa.h:376
	TameParse/Dfa/ndfa_regex.cpp:19
	TameParse/Dfa/ndfa_regex.cpp:25
	TameParse/Dfa/ndfa_regex.cpp:270
	TameParse/Dfa/ndfa_regex.cpp:458
	TameParse/Dfa/ndfa_regex.cpp:464
	TameParse/Dfa/ndfa_regex.cpp:734
	TameParse/Dfa/ndfa_regex.cpp:746
	TameParse/Dfa/ndfa_regex.cpp:759
	TameParse/Dfa/ndfa_regex.h:30
	TameParse/Dfa/ndfa_regex.h:129
	TameParse/Dfa/ndfa_regex.h:206
	TameParse/Dfa/ndfa_transformations.cpp:25
	TameParse/Dfa/ndfa_transformations.cpp:28
	TameParse/Dfa/ndfa_transformations.cpp:124
	TameParse/Dfa/ndfa_transformations.cpp:168
	TameParse/Dfa/ndfa_transformations.cpp:177
	TameParse/Dfa/ndfa_transformations.cpp:278
	TameParse/Dfa/ndfa_transformations.cpp:317
	TameParse/Dfa/ndfa_transformations.cpp:323
	TameParse/Dfa/ndfa_transformations.cpp:335
	TameParse/Dfa/position.h:85
	TameParse/Dfa/position.h:88
	TameParse/Dfa/position.h:114
	TameParse/Dfa/position.h:159
	TameParse/Dfa/range.h:73
	TameParse/Dfa/range.h:87
	TameParse/Dfa/range.h:108
	TameParse/Dfa/range.h:113
	TameParse/Dfa/range.h:114
	TameParse/Dfa/range.h:122
	TameParse/Dfa/state_machine.h:84
	TameParse/Dfa/state_machine.h:176
	TameParse/Dfa/symbol_map.cpp:74
	TameParse/Dfa/symbol_map.cpp:86
	TameParse/Dfa/symbol_map.h:67
	TameParse/Dfa/symbol_set.cpp:192
	TameParse/Dfa/symbol_set.cpp:202
	TameParse/Dfa/symbol_set.cpp:210
	TameParse/Dfa/symbol_set.cpp:225
	TameParse/Dfa/symbol_set.cpp:228
	TameParse/Dfa/symbol_set.cpp:238
	TameParse/Dfa/symbol_set.h:143
	TameParse/Dfa/transition.cpp:26
	TameParse/Language/bootstrap.cpp:57
	TameParse/Language/bootstrap.cpp:374
	TameParse/Language/bootstrap.cpp:377
	TameParse/Language/bootstrap.cpp:387
	TameParse/Language/bootstrap.cpp:409
	TameParse/Language/bootstrap.cpp:520
	TameParse/Language/bootstrap.cpp:541
	TameParse/Language/bootstrap.cpp:622
	TameParse/Language/bootstrap.cpp:663
	TameParse/Language/bootstrap.cpp:687
	TameParse/Language/bootstrap.cpp:711
	TameParse/Language/bootstrap.cpp:728
	TameParse/Language/bootstrap.cpp:740
	TameParse/Language/bootstrap.cpp:777
	TameParse/Language/bootstrap.cpp:785
	TameParse/Language/bootstrap.cpp:803
	TameParse/Language/bootstrap.cpp:828
	TameParse/Language/bootstrap.cpp:849
	TameParse/Language/bootstrap.cpp:858
	TameParse/Language/bootstrap.cpp:879
	TameParse/Language/formatter.cpp:81
	TameParse/Language/formatter.cpp:125
	TameParse/Language/formatter.cpp:156
	TameParse/Language/formatter.cpp:186
	TameParse/Language/formatter.cpp:193
	TameParse/Language/formatter.cpp:201
	TameParse/Language/formatter.cpp:212
	TameParse/Language/formatter.cpp:226
	TameParse/Language/formatter.cpp:254
	TameParse/Language/formatter.cpp:274
	TameParse/Language/formatter.cpp:387
	TameParse/Language/formatter.cpp:419
	TameParse/Language/formatter.cpp:458
	TameParse/Language/formatter.cpp:468
	TameParse/Language/formatter.h:62
	TameParse/Language/language_parser.cpp:26
	TameParse/Language/language_parser.cpp:79
	TameParse/Language/language_parser.cpp:566
	TameParse/Language/language_parser.cpp:572
	TameParse/Language/language_parser.cpp:596
	TameParse/Language/language_parser.cpp:609
	TameParse/Language/language_parser.cpp:621
	TameParse/Language/language_parser.cpp:643
	TameParse/Language/language_parser.cpp:656
	TameParse/Language/language_parser.cpp:665
	TameParse/Language/language_parser.cpp:687
	TameParse/Language/language_parser.h:53
	TameParse/Language/language_parser.h:59
	TameParse/Lr/action_rewriter.h:46
	TameParse/Lr/action_rewriter.h:49
	TameParse/Lr/action_rewriter.h:50
	TameParse/Lr/ast_parser.h:68
	TameParse/Lr/ast_parser.h:80
	TameParse/Lr/conflict.cpp:37
	TameParse/Lr/conflict.cpp:40
	TameParse/Lr/conflict.cpp:48
	TameParse/Lr/conflict.cpp:51
	TameParse/Lr/conflict.cpp:54
	TameParse/Lr/conflict.cpp:57
	TameParse/Lr/conflict.cpp:90
	TameParse/Lr/conflict.cpp:127
	TameParse/Lr/conflict.h:98
	TameParse/Lr/lalr_builder.cpp:57
	TameParse/Lr/lalr_builder.cpp:71
	TameParse/Lr/lalr_builder.cpp:163
	TameParse/Lr/lalr_builder.cpp:172
	TameParse/Lr/lalr_builder.cpp:365
	TameParse/Lr/lalr_builder.cpp:418
	TameParse/Lr/lalr_machine.cpp:89
	TameParse/Lr/lalr_machine.h:96
	TameParse/Lr/lalr_machine.h:99
	TameParse/Lr/lalr_state.cpp:43
	TameParse/Lr/lalr_state.h:77
	TameParse/Lr/lalr_state.h:84
	TameParse/Lr/lr1_item_set.h:88
	TameParse/Lr/lr1_item_set.h:98
	TameParse/Lr/lr_action.h:121
	TameParse/Lr/lr_action.h:123
	TameParse/Lr/lr_action.h:125
	TameParse/Lr/lr_action.h:127
	TameParse/Lr/lr_action.h:160
	TameParse/Lr/lr_item.cpp:64
	TameParse/Lr/lr_item.cpp:97
	TameParse/Lr/lr_item.cpp:103
	TameParse/Lr/lr_item.cpp:109
	TameParse/Lr/lr_item.cpp:135
	TameParse/Lr/lr_item.cpp:141
	TameParse/Lr/lr_item.cpp:149
	TameParse/Lr/lr_item.cpp:177
	TameParse/Lr/lr_item.h:104
	TameParse/Lr/lr_item.h:166
	TameParse/Lr/lr_item.h:217
	TameParse/Lr/lr_state.h:105
	TameParse/Lr/lr_state.h:110
	TameParse/Lr/lr_state.h:119
	TameParse/Lr/lr_state.h:142
	TameParse/Lr/parser.h:128
	TameParse/Lr/parser.h:132
	TameParse/Lr/parser.h:141
	TameParse/Lr/parser.h:148
	TameParse/Lr/parser.h:184
	TameParse/Lr/parser.h:378
	TameParse/Lr/parser.h:383
	TameParse/Lr/parser.h:468
	TameParse/Lr/parser.h:473
	TameParse/Lr/parser.h:482
	TameParse/Lr/parser.h:504
	TameParse/Lr/parser.h:563
	TameParse/Lr/parser.h:567
	TameParse/Lr/parser.h:576
	TameParse/Lr/parser.h:585
	TameParse/Lr/parser.h:614
	TameParse/Lr/parser.h:630
	TameParse/Lr/parser_stack.h:143
	TameParse/Lr/parser_stack.h:333
	TameParse/Lr/parser_state.h:111
	TameParse/Lr/parser_state.h:115
	TameParse/Lr/parser_state.h:134
	TameParse/Lr/parser_state.h:146
	TameParse/Lr/parser_state.h:151
	TameParse/Lr/parser_state.h:159
	TameParse/Lr/parser_state.h:160
	TameParse/Lr/parser_state.h:193
	TameParse/Lr/parser_state.h:212
	TameParse/Lr/parser_state.h:234
	TameParse/Lr/parser_state.h:304
	TameParse/Lr/parser_state.h:319
	TameParse/Lr/parser_state.h:367
	TameParse/Lr/parser_state.h:391
	TameParse/Lr/parser_state.h:407
	TameParse/Lr/parser_state.h:409
	TameParse/Lr/parser_state.h:531
	TameParse/Lr/parser_state.h:547
	TameParse/Lr/parser_state.h:580
	TameParse/Lr/parser_state.h:587
	TameParse/Lr/parser_state.h:603
	TameParse/Lr/parser_state.h:608
	TameParse/Lr/parser_state.h:639
	TameParse/Lr/parser_tables.cpp:49
	TameParse/Lr/parser_tables.cpp:56
	TameParse/Lr/parser_tables.cpp:65
	TameParse/Lr/parser_tables.h:182
	TameParse/Lr/weak_symbols.cpp:138
	TameParse/Lr/weak_symbols.cpp:139
	TameParse/Lr/weak_symbols.cpp:184
	TameParse/Lr/weak_symbols.cpp:255
	TameParse/Lr/weak_symbols.cpp:309
	TameParse/Util/astnode.cpp:48
	TameParse/Util/astnode.cpp:51
	TameParse/Util/astnode.cpp:55
	TameParse/Util/astnode.h:86
	TameParse/Util/container.h:38
	TameParse/Util/container.h:54
	TameParse/Util/container.h:147
	TameParse/Util/container.h:159
	TameParse/Util/container.h:166
	TameParse/Util/container.h:176
	TameParse/Util/container.h:181
	TameParse/Util/container.h:197
	TameParse/Util/stringreader.h:63
	TameParse/Util/utf8reader.cpp:16
	TameParse/Util/utf8reader.cpp:67
	TameParse/Util/utf8reader.cpp:87
	TameParse/Util/utf8reader.cpp:104
	TameParse/Util/utf8reader.cpp:122
	TameParse/Util/utf8reader.cpp:132
	TameParse/Util/utf8reader.cpp:148
	TameParse/Util/utf8reader.h:46
	Test/dfa_single_regex.cpp:30
	Test/dfa_single_regex.cpp:59
	Test/dfa_single_regex.cpp:80
	Test/dfa_symbol_deduplicate.cpp:21
	Test/dfa_symbol_deduplicate.cpp:60
	Test/language_bootstrap.cpp:36
	Test/language_bootstrap.cpp:61
	Test/language_bootstrap.cpp:99
	Test/language_bootstrap.cpp:100
	Test/language_bootstrap.cpp:101
	Test/language_bootstrap.cpp:102
	Test/language_bootstrap.cpp:106
	Test/language_bootstrap.cpp:111
	Test/language_bootstrap.cpp:120
	Test/language_bootstrap.cpp:122
	Test/language_bootstrap.cpp:162
	Test/language_bootstrap.cpp:188
	Test/language_primary.cpp:35
	Test/lr_lalr_general.cpp:194
	Test/lr_lalr_general.cpp:199
	Test/lr_weaksymbols.cpp:85
	Test/lr_weaksymbols.cpp:86
	Test/lr_weaksymbols.cpp:88
	Test/lr_weaksymbols.cpp:89
	Test/lr_weaksymbols.cpp:91
autoscan: warning: missing AC_PREREQ wanted by: 
	autoscan
autoscan: warning: missing AC_PROG_CC wanted by: 
	parsetool/boost_console.h
	TameParse/TameParse.h
	TameParse/version.h
	TameParse/Compiler/compilation_stage.h
	TameParse/Compiler/console.h
	TameParse/Compiler/error.h
	TameParse/Compiler/import_stage.h
	TameParse/Compiler/language_builder_stage.h
	TameParse/Compiler/language_stage.h
	TameParse/Compiler/lexer_stage.h
	TameParse/Compiler/lr_parser_stage.h
	TameParse/Compiler/output_stage.h
	TameParse/Compiler/parser_stage.h
	TameParse/Compiler/std_console.h
	TameParse/Compiler/OutputStages/cplusplus.h
	TameParse/ContextFree/ebnf_items.h
	TameParse/ContextFree/grammar.h
	TameParse/ContextFree/guard.h
	TameParse/ContextFree/item.h
	TameParse/ContextFree/item_set.h
	TameParse/ContextFree/rule.h
	TameParse/ContextFree/standard_items.h
	TameParse/ContextFree/terminal_dictionary.h
	TameParse/Dfa/accept_action.h
	TameParse/Dfa/basic_lexer.h
	TameParse/Dfa/character_lexer.h
	TameParse/Dfa/epsilon.h
	TameParse/Dfa/hard_coded_symbol_table.h
	TameParse/Dfa/lexeme.h
	TameParse/Dfa/lexer.h
	TameParse/Dfa/ndfa.h
	TameParse/Dfa/ndfa_regex.h
	TameParse/Dfa/position.h
	TameParse/Dfa/range.h
	TameParse/Dfa/remapped_symbol_map.h
	TameParse/Dfa/state.h
	TameParse/Dfa/state_machine.h
	TameParse/Dfa/symbol_map.h
	TameParse/Dfa/symbol_set.h
	TameParse/Dfa/symbol_table.h
	TameParse/Dfa/symbol_translator.h
	TameParse/Dfa/transition.h
	TameParse/Language/block.h
	TameParse/Language/bootstrap.h
	TameParse/Language/definition_file.h
	TameParse/Language/ebnf_item.h
	TameParse/Language/formatter.h
	TameParse/Language/grammar_block.h
	TameParse/Language/import_block.h
	TameParse/Language/language_block.h
	TameParse/Language/language_parser.h
	TameParse/Language/language_unit.h
	TameParse/Language/lexeme_definition.h
	TameParse/Language/lexer_block.h
	TameParse/Language/nonterminal_definition.h
	TameParse/Language/parser_block.h
	TameParse/Language/process.h
	TameParse/Language/production_definition.h
	TameParse/Language/toplevel_block.h
	TameParse/Lr/action_rewriter.h
	TameParse/Lr/ast_parser.h
	TameParse/Lr/conflict.h
	TameParse/Lr/ignored_symbols.h
	TameParse/Lr/lalr_builder.h
	TameParse/Lr/lalr_machine.h
	TameParse/Lr/lalr_state.h
	TameParse/Lr/lr1_item_set.h
	TameParse/Lr/lr_action.h
	TameParse/Lr/lr_item.h
	TameParse/Lr/lr_state.h
	TameParse/Lr/parser.h
	TameParse/Lr/parser_stack.h
	TameParse/Lr/parser_state.h
	TameParse/Lr/parser_tables.h
	TameParse/Lr/weak_symbols.h
	TameParse/Unicode/unicode_data.h
	TameParse/Util/astnode.h
	TameParse/Util/container.h
	TameParse/Util/stringreader.h
	TameParse/Util/syntax_ptr.h
	TameParse/Util/unicode.h
	TameParse/Util/utf8reader.h
	TameParseLib/TameParsePriv.h
	TameParseLib/TameParsePub.h
	Test/contextfree_firstset.h
	Test/contextfree_followset.h
	Test/dfa_multi_regex.h
	Test/dfa_ndfa.h
	Test/dfa_range.h
	Test/dfa_single_regex.h
	Test/dfa_symbol_deduplicate.h
	Test/dfa_symbol_set.h
	Test/dfa_symbol_translator.h
	Test/language_bootstrap.h
	Test/language_primary.h
	Test/lr_lalr_general.h
	Test/lr_weaksymbols.h
	Test/test_fixture.h
autoscan: warning: missing AC_PROG_CXX wanted by: 
	bootstrap/main.cpp
	parsetool/boost_console.cpp
	parsetool/main.cpp
	TameParse/version.cpp
	TameParse/Compiler/compilation_stage.cpp
	TameParse/Compiler/console.cpp
	TameParse/Compiler/error.cpp
	TameParse/Compiler/import_stage.cpp
	TameParse/Compiler/language_builder_stage.cpp
	TameParse/Compiler/language_stage.cpp
	TameParse/Compiler/lexer_stage.cpp
	TameParse/Compiler/lr_parser_stage.cpp
	TameParse/Compiler/output_stage.cpp
	TameParse/Compiler/parser_stage.cpp
	TameParse/Compiler/std_console.cpp
	TameParse/Compiler/OutputStages/cplusplus.cpp
	TameParse/ContextFree/ebnf_items.cpp
	TameParse/ContextFree/grammar.cpp
	TameParse/ContextFree/guard.cpp
	TameParse/ContextFree/item.cpp
	TameParse/ContextFree/item_set.cpp
	TameParse/ContextFree/rule.cpp
	TameParse/ContextFree/standard_items.cpp
	TameParse/ContextFree/terminal_dictionary.cpp
	TameParse/Dfa/accept_action.cpp
	TameParse/Dfa/basic_lexer.cpp
	TameParse/Dfa/character_lexer.cpp
	TameParse/Dfa/epsilon.cpp
	TameParse/Dfa/hard_coded_symbol_table.cpp
	TameParse/Dfa/lexeme.cpp
	TameParse/Dfa/lexer.cpp
	TameParse/Dfa/ndfa.cpp
	TameParse/Dfa/ndfa_regex.cpp
	TameParse/Dfa/ndfa_transformations.cpp
	TameParse/Dfa/position.cpp
	TameParse/Dfa/range.cpp
	TameParse/Dfa/remapped_symbol_map.cpp
	TameParse/Dfa/state.cpp
	TameParse/Dfa/state_machine.cpp
	TameParse/Dfa/symbol_map.cpp
	TameParse/Dfa/symbol_set.cpp
	TameParse/Dfa/symbol_table.cpp
	TameParse/Dfa/symbol_translator.cpp
	TameParse/Dfa/transition.cpp
	TameParse/Language/block.cpp
	TameParse/Language/bootstrap.cpp
	TameParse/Language/definition_file.cpp
	TameParse/Language/ebnf_item.cpp
	TameParse/Language/formatter.cpp
	TameParse/Language/grammar_block.cpp
	TameParse/Language/import_block.cpp
	TameParse/Language/language_block.cpp
	TameParse/Language/language_parser.cpp
	TameParse/Language/language_unit.cpp
	TameParse/Language/lexeme_definition.cpp
	TameParse/Language/lexer_block.cpp
	TameParse/Language/nonterminal_definition.cpp
	TameParse/Language/parser_block.cpp
	TameParse/Language/process.cpp
	TameParse/Language/production_definition.cpp
	TameParse/Language/toplevel_block.cpp
	TameParse/Lr/action_rewriter.cpp
	TameParse/Lr/ast_parser.cpp
	TameParse/Lr/conflict.cpp
	TameParse/Lr/ignored_symbols.cpp
	TameParse/Lr/lalr_builder.cpp
	TameParse/Lr/lalr_machine.cpp
	TameParse/Lr/lalr_state.cpp
	TameParse/Lr/lr1_item_set.cpp
	TameParse/Lr/lr_action.cpp
	TameParse/Lr/lr_item.cpp
	TameParse/Lr/lr_state.cpp
	TameParse/Lr/parser.cpp
	TameParse/Lr/parser_stack.cpp
	TameParse/Lr/parser_tables.cpp
	TameParse/Lr/weak_symbols.cpp
	TameParse/Util/astnode.cpp
	TameParse/Util/container.cpp
	TameParse/Util/stringreader.cpp
	TameParse/Util/syntax_ptr.cpp
	TameParse/Util/unicode.cpp
	TameParse/Util/utf8reader.cpp
	TameParseLib/TameParse.cpp
	Test/contextfree_firstset.cpp
	Test/contextfree_followset.cpp
	Test/dfa_multi_regex.cpp
	Test/dfa_ndfa.cpp
	Test/dfa_range.cpp
	Test/dfa_single_regex.cpp
	Test/dfa_symbol_deduplicate.cpp
	Test/dfa_symbol_set.cpp
	Test/dfa_symbol_translator.cpp
	Test/language_bootstrap.cpp
	Test/language_primary.cpp
	Test/lr_lalr_general.cpp
	Test/lr_weaksymbols.cpp
	Test/main.cpp
	Test/test_fixture.cpp
autoscan: warning: missing AC_TYPE_SIZE_T wanted by: 
	parsetool/boost_console.cpp:164
	parsetool/boost_console.cpp:178
	parsetool/boost_console.cpp:214
	parsetool/boost_console.cpp:230
	TameParse/Compiler/console.cpp:82
	TameParse/Compiler/import_stage.cpp:108
	TameParse/Compiler/lr_parser_stage.cpp:33
	TameParse/Compiler/lr_parser_stage.cpp:49
	TameParse/Compiler/lr_parser_stage.cpp:235
	TameParse/Compiler/OutputStages/cplusplus.cpp:187
	TameParse/Compiler/OutputStages/cplusplus.cpp:523
	TameParse/Compiler/OutputStages/cplusplus.cpp:527
	TameParse/Compiler/OutputStages/cplusplus.cpp:1333
	TameParse/Compiler/OutputStages/cplusplus.cpp:1334
	TameParse/Compiler/OutputStages/cplusplus.cpp:1335
	TameParse/Compiler/OutputStages/cplusplus.cpp:1349
	TameParse/Compiler/OutputStages/cplusplus.cpp:1395
	TameParse/Compiler/OutputStages/cplusplus.cpp:1432
	TameParse/Compiler/OutputStages/cplusplus.cpp:1445
	TameParse/ContextFree/ebnf_items.h:86
	TameParse/ContextFree/grammar.cpp:309
	TameParse/ContextFree/grammar.cpp:324
	TameParse/ContextFree/item.cpp:95
	TameParse/ContextFree/item_set.h:34
	TameParse/ContextFree/item_set.h:88
	TameParse/Dfa/basic_lexer.h:95
	TameParse/Dfa/basic_lexer.h:327
	TameParse/Dfa/character_lexer.cpp:53
	TameParse/Dfa/character_lexer.h:51
	TameParse/Dfa/hard_coded_symbol_table.h:89
	TameParse/Dfa/lexeme.h:50
	TameParse/Dfa/lexer.cpp:144
	TameParse/Dfa/lexer.h:92
	TameParse/Dfa/state_machine.h:69
	TameParse/Dfa/state_machine.h:160
	TameParse/Dfa/state_machine.h:231
	TameParse/Dfa/state_machine.h:232
	TameParse/Dfa/state_machine.h:306
	TameParse/Dfa/symbol_table.h:129
	TameParse/Dfa/symbol_table.h:130
	TameParse/Dfa/symbol_table.h:142
	TameParse/Dfa/symbol_table.h:153
	TameParse/Dfa/symbol_table.h:184
	TameParse/Dfa/symbol_table.h:285
	TameParse/Dfa/symbol_table.h:286
	TameParse/Dfa/symbol_table.h:295
	TameParse/Dfa/symbol_translator.h:59
	TameParse/Language/ebnf_item.h:126
	TameParse/Language/ebnf_item.h:129
	TameParse/Lr/lalr_state.h:123
	TameParse/Lr/lr1_item_set.h:78
	TameParse/Lr/lr1_item_set.h:117
	TameParse/Lr/lr_item.cpp:138
	TameParse/Lr/lr_item.cpp:139
	TameParse/Lr/lr_item.cpp:159
	TameParse/Lr/lr_item.cpp:160
	TameParse/Lr/lr_state.h:206
	TameParse/Lr/parser_tables.cpp:325
	TameParse/Lr/parser_tables.cpp:327
	TameParse/Lr/parser_tables.h:137
	TameParse/Util/stringreader.h:41
	Test/dfa_ndfa.cpp:37
